<?xml version="1.0" encoding="UTF-8"?>
<testsuite name="com.restapiexample.dummy.DummyRestRunner" time="0" tests="1" errors="1" skipped="0" failures="0">
  <properties>
[...]
</properties>
  <testcase name="initializationError" classname="com.restapiexample.dummy.DummyRestRunner" time="0">
    <error message="Not a file or directory: C:\Users\bindi\IdeaProjects\dummyrestapiexample-cucumber-wk-19\src\test\java\resources\featurefile" type="java.lang.IllegalArgumentException"><![CDATA[java.lang.IllegalArgumentException: Not a file or directory: C:\Users\bindi\IdeaProjects\dummyrestapiexample-cucumber-wk-19\src\test\java\resources\featurefile
	at cucumber.runtime.io.FileResourceIterator$FileIterator.<init>(FileResourceIterator.java:54)
	at cucumber.runtime.io.FileResourceIterator.<init>(FileResourceIterator.java:20)
	at cucumber.runtime.io.FileResourceIterable.iterator(FileResourceIterable.java:19)
	at cucumber.runtime.model.CucumberFeature.loadFromFeaturePath(CucumberFeature.java:103)
	at cucumber.runtime.model.CucumberFeature.load(CucumberFeature.java:54)
	at cucumber.runtime.model.CucumberFeature.load(CucumberFeature.java:34)
	at cucumber.runtime.RuntimeOptions.cucumberFeatures(RuntimeOptions.java:239)
	at cucumber.api.junit.Cucumber.<init>(Cucumber.java:60)
	at net.serenitybdd.cucumber.CucumberWithSerenity.<init>(CucumberWithSerenity.java:26)
	at sun.reflect.NativeConstructorAccessorImpl.newInstance0(Native Method)
	at sun.reflect.NativeConstructorAccessorImpl.newInstance(NativeConstructorAccessorImpl.java:62)
	at sun.reflect.DelegatingConstructorAccessorImpl.newInstance(DelegatingConstructorAccessorImpl.java:45)
	at java.lang.reflect.Constructor.newInstance(Constructor.java:423)
	at org.junit.internal.builders.AnnotatedBuilder.buildRunner(AnnotatedBuilder.java:104)
	at org.junit.internal.builders.AnnotatedBuilder.runnerForClass(AnnotatedBuilder.java:86)
	at org.junit.runners.model.RunnerBuilder.safeRunnerForClass(RunnerBuilder.java:59)
	at org.junit.internal.builders.AllDefaultPossibilitiesBuilder.runnerForClass(AllDefaultPossibilitiesBuilder.java:26)
	at org.junit.runners.model.RunnerBuilder.safeRunnerForClass(RunnerBuilder.java:59)
	at org.junit.internal.requests.ClassRequest.getRunner(ClassRequest.java:33)
	at org.apache.maven.surefire.junit4.JUnit4Provider.execute(JUnit4Provider.java:283)
	at org.apache.maven.surefire.junit4.JUnit4Provider.executeWithRerun(JUnit4Provider.java:173)
	at org.apache.maven.surefire.junit4.JUnit4Provider.executeTestSet(JUnit4Provider.java:153)
	at org.apache.maven.surefire.junit4.JUnit4Provider.invoke(JUnit4Provider.java:128)
	at org.apache.maven.surefire.booter.ForkedBooter.invokeProviderInSameClassLoader(ForkedBooter.java:203)
	at org.apache.maven.surefire.booter.ForkedBooter.runSuitesInProcess(ForkedBooter.java:155)
	at org.apache.maven.surefire.booter.ForkedBooter.main(ForkedBooter.java:103)
]]></error>
    <system-err><![CDATA[6449 [main] INFO net.serenitybdd.core.Serenity - 
        __    _____ _____ ____ _____   ____   _    ____  ____  _____ ____  
  _     \ \  |_   _| ____/ ___|_   _| |  _ \ / \  / ___|/ ___|| ____|  _ \ 
 (_)_____| |   | | |  _| \___ \ | |   | |_) / _ \ \___ \\___ \|  _| | | | |
  _|_____| |   | | | |___ ___) || |   |  __/ ___ \ ___) |___) | |___| |_| |
 (_)     | |   |_| |_____|____/ |_|   |_| /_/   \_\____/|____/|_____|____/ 
        /_/                                                                

TEST PASSED: Delete the employee and verify if the employee is deleted! for ID = 9658
----------------------------------------------------------------------------
6531 [pool-1-thread-1] INFO net.thucydides.core.reports.json.JSONTestOutcomeReporter - Generating JSON report for This will create a new employee to file C:\Users\bindi\IdeaProjects\dummyrestapiexample-cucumber-wk-19\target\site\serenity\15d98c8b7fa8e021df45bb38381c918def0aaec88cbc8196b84036bfcf31eee8.json (using temp file C:\Users\bindi\IdeaProjects\dummyrestapiexample-cucumber-wk-19\target\site\serenity\15d98c8b7fa8e021df45bb38381c918def0aaec88cbc8196b84036bfcf31eee8.json61c8dc5c-3964-46f7-9d06-02e2f7f1b432)
6531 [pool-1-thread-4] INFO net.thucydides.core.reports.json.JSONTestOutcomeReporter - Generating JSON report for Delete the employee and verify if the employee is deleted! for ID = 9658 to file C:\Users\bindi\IdeaProjects\dummyrestapiexample-cucumber-wk-19\target\site\serenity\b2c943edae9e9e62b07b7c50da4d880d26926e209a9caf30371cbf6cd4f526ca.json (using temp file C:\Users\bindi\IdeaProjects\dummyrestapiexample-cucumber-wk-19\target\site\serenity\b2c943edae9e9e62b07b7c50da4d880d26926e209a9caf30371cbf6cd4f526ca.json1ebb75fc-3524-4d64-8616-45b8f3d1bb53)
6531 [pool-1-thread-2] INFO net.thucydides.core.reports.json.JSONTestOutcomeReporter - Generating JSON report for Verify if the employee was added to the application employee_name = Mona Singh to file C:\Users\bindi\IdeaProjects\dummyrestapiexample-cucumber-wk-19\target\site\serenity\4fc327909a837d4f3b2dbfcab0d01ffb9c004b16108de8d0e246527b3d169650.json (using temp file C:\Users\bindi\IdeaProjects\dummyrestapiexample-cucumber-wk-19\target\site\serenity\4fc327909a837d4f3b2dbfcab0d01ffb9c004b16108de8d0e246527b3d169650.jsoncb1ce1b4-a24a-43d9-a517-b9cf0b7acc4e)
6532 [pool-1-thread-3] INFO net.thucydides.core.reports.json.JSONTestOutcomeReporter - Generating JSON report for Update the employee information and verify the updated information for ID = 9658 to file C:\Users\bindi\IdeaProjects\dummyrestapiexample-cucumber-wk-19\target\site\serenity\461c6aa4a5b785d7ebdbafaeeaad5102e72d75d2d0406aef911b930f4c24f98a.json (using temp file C:\Users\bindi\IdeaProjects\dummyrestapiexample-cucumber-wk-19\target\site\serenity\461c6aa4a5b785d7ebdbafaeeaad5102e72d75d2d0406aef911b930f4c24f98a.json0cf484e4-d16b-44aa-9ac5-276e79cc3c8a)
6675 [pool-2-thread-4] INFO net.thucydides.core.reports.html.HtmlAcceptanceTestReporter - GENERATING HTML REPORT FOR All employee CRUD test:test004 in b2c943edae9e9e62b07b7c50da4d880d26926e209a9caf30371cbf6cd4f526ca.html in directory target\site\serenity  
6675 [pool-2-thread-2] INFO net.thucydides.core.reports.html.HtmlAcceptanceTestReporter - GENERATING HTML REPORT FOR All employee CRUD test:test002 in 4fc327909a837d4f3b2dbfcab0d01ffb9c004b16108de8d0e246527b3d169650.html in directory target\site\serenity  
6675 [pool-2-thread-1] INFO net.thucydides.core.reports.html.HtmlAcceptanceTestReporter - GENERATING HTML REPORT FOR All employee CRUD test:test001 in 15d98c8b7fa8e021df45bb38381c918def0aaec88cbc8196b84036bfcf31eee8.html in directory target\site\serenity  
6675 [pool-2-thread-3] INFO net.thucydides.core.reports.html.HtmlAcceptanceTestReporter - GENERATING HTML REPORT FOR All employee CRUD test:test003 in 461c6aa4a5b785d7ebdbafaeeaad5102e72d75d2d0406aef911b930f4c24f98a.html in directory target\site\serenity  
]]></system-err>
  </testcase>
</testsuite>