<?xml version="1.0" encoding="UTF-8"?><testsuite errors="1" failures="1" name="com.restapiexample.dummy.allemployeeinfo.AllEmployeeCRUDTest" skipped="0" tests="4" time="5.75" timestamp="2022-06-21T23:26:03.142+01:00[Europe/London]"><testcase classname="com.restapiexample.dummy.allemployeeinfo.AllEmployeeCRUDTest" name="This will create a new employee"><failure message="1 expectation failed.&#10;Expected status code &lt;200&gt; but was &lt;429&gt;.&#10;" type="java.lang.AssertionError">1 expectation failed.
Expected status code &lt;200&gt; but was &lt;429&gt;.
</failure><system-err>1 expectation failed.
Expected status code &lt;200&gt; but was &lt;429&gt;.
&#13;
io.restassured.internal.ResponseSpecificationImpl.validateResponseIfRequired(ResponseSpecificationImpl.groovy:636)&#13;
io.restassured.internal.ResponseSpecificationImpl.statusCode(ResponseSpecificationImpl.groovy:122)&#13;
io.restassured.internal.ResponseSpecificationImpl.statusCode(ResponseSpecificationImpl.groovy:130)&#13;
io.restassured.internal.ValidatableResponseOptionsImpl.statusCode(ValidatableResponseOptionsImpl.java:117)&#13;
com.restapiexample.dummy.allemployeeinfo.AllEmployeeCRUDTest.test001(AllEmployeeCRUDTest.java:31)&#13;
</system-err></testcase><testcase classname="com.restapiexample.dummy.allemployeeinfo.AllEmployeeCRUDTest" name="Verify if the employee was added to the application employee_name = Mona Singh"><error message="Index: 0, Size: 0" type="java.lang.IllegalArgumentException">Index: 0, Size: 0</error><system-err>Index: 0, Size: 0&#13;
io.restassured.internal.path.json.JSONAssertion.getAsJsonObject(JSONAssertion.groovy:57)&#13;
io.restassured.internal.path.json.JSONAssertion.getResult(JSONAssertion.groovy:28)&#13;
io.restassured.path.json.JsonPath.get(JsonPath.java:202)&#13;
io.restassured.internal.RestAssuredResponseOptionsGroovyImpl.path(RestAssuredResponseOptionsGroovyImpl.groovy:398)&#13;
io.restassured.internal.RestAssuredResponseOptionsImpl.path(RestAssuredResponseOptionsImpl.java:200)&#13;
com.restapiexample.dummy.allemployeeinfo.EmployeeSteps.getEmployeeInfoByEmployeeName(EmployeeSteps.java:39)&#13;
com.restapiexample.dummy.allemployeeinfo.AllEmployeeCRUDTest.test002(AllEmployeeCRUDTest.java:38)&#13;
</system-err></testcase><testcase classname="com.restapiexample.dummy.allemployeeinfo.AllEmployeeCRUDTest" name="Update the employee information and verify the updated information for ID = 9658"/><testcase classname="com.restapiexample.dummy.allemployeeinfo.AllEmployeeCRUDTest" name="Delete the employee and verify if the employee is deleted! for ID = 9658"/></testsuite>